<?xml version="1.0" encoding="UTF-8"?>
<testsuite name="NotificationManagerTest" tests="1" skipped="0" failures="0" errors="0" timestamp="2024-09-15T19:34:57" hostname="Mac-Studio" time="0.335">
  <properties/>
  <testcase name="sendSaleNotificationsOut_withListOfTasks_callsRunOnEach()" classname="NotificationManagerTest" time="0.335"/>
  <system-out><![CDATA[]]></system-out>
  <system-err><![CDATA[]]></system-err>
</testsuite>
